TN:
SF:src\modules\appointments\services\CreateAppointmentService.ts
FN:14,(anonymous_18)
FN:17,CreateAppointmentService
FN:24,(anonymous_20)
FNF:3
FNH:3
FNDA:1,(anonymous_18)
FNDA:2,CreateAppointmentService
FNDA:2,(anonymous_20)
DA:1,1
DA:2,1
DA:4,1
DA:14,1
DA:21,2
DA:24,1
DA:25,2
DA:27,2
DA:29,2
DA:33,2
DA:34,1
DA:37,1
DA:42,1
DA:44,1
DA:46,1
LF:15
LH:15
BRDA:33,0,0,1
BRDA:33,0,1,1
BRF:2
BRH:2
end_of_record
TN:
SF:src\modules\users\services\AuthenticateUserService.ts
FN:21,(anonymous_18)
FN:26,AuthenticateUserService
FN:37,(anonymous_20)
FNF:3
FNH:3
FNDA:1,(anonymous_18)
FNDA:3,AuthenticateUserService
FNDA:3,(anonymous_20)
DA:1,1
DA:2,1
DA:4,1
DA:5,1
DA:21,1
DA:33,3
DA:34,3
DA:37,1
DA:38,3
DA:40,3
DA:42,3
DA:43,1
DA:46,2
DA:51,2
DA:52,1
DA:55,1
DA:57,1
DA:62,1
DA:64,1
DA:66,1
LF:20
LH:20
BRDA:42,0,0,1
BRDA:42,0,1,2
BRDA:51,1,0,1
BRDA:51,1,1,1
BRF:4
BRH:4
end_of_record
TN:
SF:src\modules\users\services\CreateUserService.ts
FN:15,(anonymous_18)
FN:20,CreateUserService
FN:31,(anonymous_20)
FNF:3
FNH:3
FNDA:2,(anonymous_18)
FNDA:5,CreateUserService
FNDA:4,(anonymous_20)
DA:1,2
DA:3,2
DA:15,2
DA:27,5
DA:28,5
DA:31,2
DA:32,4
DA:34,4
DA:36,4
DA:37,1
DA:40,3
DA:42,3
DA:48,3
DA:50,2
DA:52,2
LF:15
LH:15
BRDA:36,0,0,1
BRDA:36,0,1,3
BRF:2
BRH:2
end_of_record
TN:
SF:src\modules\users\services\ResetPasswordService.ts
FN:16,(anonymous_18)
FN:23,ResetPasswordService
FN:38,(anonymous_20)
FNF:3
FNH:3
FNDA:1,(anonymous_18)
FNDA:4,ResetPasswordService
FNDA:4,(anonymous_20)
DA:1,1
DA:3,1
DA:5,1
DA:16,1
DA:33,4
DA:34,4
DA:35,4
DA:38,1
DA:39,4
DA:41,4
DA:43,4
DA:44,1
DA:47,3
DA:49,3
DA:50,1
DA:53,2
DA:55,2
DA:56,1
DA:59,1
DA:61,2
DA:63,1
DA:65,1
LF:22
LH:22
BRDA:43,0,0,1
BRDA:43,0,1,3
BRDA:49,1,0,1
BRDA:49,1,1,2
BRDA:55,2,0,1
BRDA:55,2,1,1
BRF:6
BRH:6
end_of_record
TN:
SF:src\modules\users\services\SendForgotPasswordEmailService.ts
FN:14,(anonymous_18)
FN:21,SendForgotPasswordEmailService
FN:36,(anonymous_20)
FNF:3
FNH:3
FNDA:1,(anonymous_18)
FNDA:3,SendForgotPasswordEmailService
FNDA:3,(anonymous_20)
DA:1,1
DA:2,1
DA:4,1
DA:14,1
DA:31,3
DA:32,3
DA:33,3
DA:36,1
DA:37,3
DA:39,3
DA:41,3
DA:42,1
DA:45,2
DA:47,2
DA:54,4
DA:66,1
DA:68,1
LF:17
LH:17
BRDA:41,0,0,1
BRDA:41,0,1,2
BRF:2
BRH:2
end_of_record
TN:
SF:src\modules\users\services\UpdateUserAvatarService.ts
FN:14,(anonymous_18)
FN:19,UpdateUserAvatarService
FN:30,(anonymous_20)
FNF:3
FNH:3
FNDA:1,(anonymous_18)
FNDA:3,UpdateUserAvatarService
FNDA:3,(anonymous_20)
DA:1,1
DA:3,1
DA:14,1
DA:26,3
DA:27,3
DA:30,1
DA:31,3
DA:33,3
DA:35,3
DA:36,1
DA:39,2
DA:40,1
DA:43,2
DA:45,2
DA:47,4
DA:49,2
DA:51,1
DA:53,1
LF:18
LH:18
BRDA:35,0,0,1
BRDA:35,0,1,2
BRDA:39,1,0,1
BRDA:39,1,1,1
BRF:4
BRH:4
end_of_record
